<?xml version="1.0" encoding="UTF-8"?>
<!-- Generated by org.testng.reporters.JUnitReportReporter -->
<testsuite hostname="LAPTOP-EEAS1CV9" failures="0" tests="5" name="com.Demowebshop.tescripts.InvalidLoginTest" time="11.399" errors="0" timestamp="05 Dec 2024 05:24:13 GMT" skipped="0">
  <testcase classname="com.Demowebshop.tescripts.InvalidLoginTest" name="invalidLogin" time="1.827"/>
  <testcase classname="com.Demowebshop.tescripts.InvalidLoginTest" name="invalidLogin" time="2.593"/>
  <testcase classname="com.Demowebshop.tescripts.InvalidLoginTest" name="invalidLogin" time="3.338"/>
  <testcase classname="com.Demowebshop.tescripts.InvalidLoginTest" name="invalidLogin" time="2.067"/>
  <testcase classname="com.Demowebshop.tescripts.InvalidLoginTest" name="invalidLogin" time="1.574"/>
</testsuite> <!-- com.Demowebshop.tescripts.InvalidLoginTest -->
