<?xml version="1.0" encoding="UTF-8"?>
<!-- Generated by org.testng.reporters.JUnitReportReporter -->
<testsuite hostname="LAPTOP-EEAS1CV9" failures="0" tests="1" name="com.Demowebshop.tescripts.RegisterTest" time="3.710" errors="0" timestamp="05 Dec 2024 05:23:01 GMT" skipped="0">
  <testcase classname="com.Demowebshop.tescripts.RegisterTest" name="register" time="3.710"/>
</testsuite> <!-- com.Demowebshop.tescripts.RegisterTest -->
