<?xml version="1.0" encoding="UTF-8"?>
<!-- Generated by org.testng.reporters.JUnitReportReporter -->
<testsuite hostname="LAPTOP-EEAS1CV9" failures="0" tests="1" name="com.Demowebshop.tescripts.LoginTest" time="1.741" errors="0" timestamp="05 Dec 2024 05:24:13 GMT" skipped="0">
  <testcase classname="com.Demowebshop.tescripts.LoginTest" name="login" time="1.741"/>
</testsuite> <!-- com.Demowebshop.tescripts.LoginTest -->
